[debug] [2020-09-30T17:12:02.482Z] ----------------------------------------------------------------------
[debug] [2020-09-30T17:12:02.484Z] Command:       /Users/robert/.nvm/versions/node/v14.9.0/bin/node /Users/robert/.nvm/versions/node/v14.9.0/bin/firebase deploy
[debug] [2020-09-30T17:12:02.484Z] CLI Version:   8.10.0
[debug] [2020-09-30T17:12:02.484Z] Platform:      darwin
[debug] [2020-09-30T17:12:02.484Z] Node Version:  v14.9.0
[debug] [2020-09-30T17:12:02.485Z] Time:          Wed Sep 30 2020 18:12:02 GMT+0100 (British Summer Time)
[debug] [2020-09-30T17:12:02.485Z] ----------------------------------------------------------------------
[debug] [2020-09-30T17:12:02.485Z] 
[debug] [2020-09-30T17:12:02.492Z] > command requires scopes: ["email","openid","https://www.googleapis.com/auth/cloudplatformprojects.readonly","https://www.googleapis.com/auth/firebase","https://www.googleapis.com/auth/cloud-platform"]
[debug] [2020-09-30T17:12:02.493Z] > authorizing via signed-in user
[debug] [2020-09-30T17:12:02.493Z] [iam] checking project twitter-clone-2c06b for permissions ["firebase.projects.get","firebasehosting.sites.update"]
[debug] [2020-09-30T17:12:02.495Z] >>> HTTP REQUEST POST https://cloudresourcemanager.googleapis.com/v1/projects/twitter-clone-2c06b:testIamPermissions  
 {"permissions":["firebase.projects.get","firebasehosting.sites.update"]}
[debug] [2020-09-30T17:12:03.556Z] <<< HTTP RESPONSE 200 {"content-type":"application/json; charset=UTF-8","vary":"X-Origin, Referer, Origin,Accept-Encoding","date":"Wed, 30 Sep 2020 17:12:03 GMT","server":"ESF","cache-control":"private","x-xss-protection":"0","x-frame-options":"SAMEORIGIN","x-content-type-options":"nosniff","server-timing":"gfet4t7; dur=560","alt-svc":"h3-Q050=\":443\"; ma=2592000,h3-29=\":443\"; ma=2592000,h3-27=\":443\"; ma=2592000,h3-T051=\":443\"; ma=2592000,h3-T050=\":443\"; ma=2592000,h3-Q046=\":443\"; ma=2592000,h3-Q043=\":443\"; ma=2592000,quic=\":443\"; ma=2592000; v=\"46,43\"","accept-ranges":"none","transfer-encoding":"chunked"}
[debug] [2020-09-30T17:12:03.559Z] >>> HTTP REQUEST GET https://firebase.googleapis.com/v1beta1/projects/twitter-clone-2c06b  
 
[debug] [2020-09-30T17:12:03.857Z] <<< HTTP RESPONSE 200 {"content-type":"application/json; charset=UTF-8","vary":"X-Origin, Referer, Origin,Accept-Encoding","date":"Wed, 30 Sep 2020 17:12:03 GMT","server":"ESF","cache-control":"private","x-xss-protection":"0","x-frame-options":"SAMEORIGIN","x-content-type-options":"nosniff","alt-svc":"h3-Q050=\":443\"; ma=2592000,h3-29=\":443\"; ma=2592000,h3-27=\":443\"; ma=2592000,h3-T051=\":443\"; ma=2592000,h3-T050=\":443\"; ma=2592000,h3-Q046=\":443\"; ma=2592000,h3-Q043=\":443\"; ma=2592000,quic=\":443\"; ma=2592000; v=\"46,43\"","accept-ranges":"none","transfer-encoding":"chunked"}
[info] 
[info] === Deploying to 'twitter-clone-2c06b'...
[info] 
[info] i  deploying hosting 
[debug] [2020-09-30T17:12:03.862Z] >>> HTTP REQUEST POST https://firebasehosting.googleapis.com/v1beta1/sites/twitter-clone-2c06b/versions  
 {"config":{"rewrites":[{"glob":"**","path":"/index.html"}]},"labels":{"deployment-tool":"cli-firebase"}}
[debug] [2020-09-30T17:12:05.190Z] <<< HTTP RESPONSE 200 {"content-type":"application/json; charset=UTF-8","vary":"X-Origin, Referer, Origin,Accept-Encoding","date":"Wed, 30 Sep 2020 17:12:05 GMT","server":"ESF","cache-control":"private","x-xss-protection":"0","x-frame-options":"SAMEORIGIN","x-content-type-options":"nosniff","alt-svc":"h3-Q050=\":443\"; ma=2592000,h3-29=\":443\"; ma=2592000,h3-27=\":443\"; ma=2592000,h3-T051=\":443\"; ma=2592000,h3-T050=\":443\"; ma=2592000,h3-Q046=\":443\"; ma=2592000,h3-Q043=\":443\"; ma=2592000,quic=\":443\"; ma=2592000; v=\"46,43\"","accept-ranges":"none","transfer-encoding":"chunked"}
[info] i  hosting[twitter-clone-2c06b]: beginning deploy... 
[info] i  hosting[twitter-clone-2c06b]: found 29 files in build 
[debug] [2020-09-30T17:12:05.719Z] [hosting] hash cache [YnVpbGQ] stored for 29 files
[debug] [2020-09-30T17:12:05.719Z] [hosting][hash queue][FINAL] {"max":514,"min":10,"avg":30.724137931034484,"active":0,"complete":29,"success":29,"errored":0,"retried":0,"total":29,"elapsed":519}
[debug] [2020-09-30T17:12:05.719Z] >>> HTTP REQUEST POST https://firebasehosting.googleapis.com/v1beta1/sites/twitter-clone-2c06b/versions/af20d0141975f3ef:populateFiles  
 <request body omitted>
